#-----------------------------------------------------------
# Vivado v2018.3 (64-bit)
# SW Build 2405991 on Thu Dec  6 23:38:27 MST 2018
# IP Build 2404404 on Fri Dec  7 01:43:56 MST 2018
# Start of session at: Fri Apr  7 23:06:38 2023
# Process ID: 28068
# Current directory: C:/Users/nt200/Downloads/mid_demo_v7/mid_demo
# Command line: vivado.exe C:\Users\nt200\Downloads\mid_demo_v7\mid_demo\mid_demo.xpr
# Log file: C:/Users/nt200/Downloads/mid_demo_v7/mid_demo/vivado.log
# Journal file: C:/Users/nt200/Downloads/mid_demo_v7/mid_demo\vivado.jou
#-----------------------------------------------------------
start_gui
open_project C:/Users/nt200/Downloads/mid_demo_v7/mid_demo/mid_demo.xpr
INFO: [Project 1-313] Project file moved from 'E:/mid_demo_v7/mid_demo_v7/mid_demo' since last save.
Scanning sources...
Finished scanning sources
WARNING: [filemgmt 56-2] Board Part Repository Path: Could not find the directory 'C:/Users/nt200/Downloads/board_files', nor could it be found using path 'E:/mid_demo_v7/board_files'.
WARNING: [filemgmt 56-2] IP Repository Path: Could not find the directory 'C:/Users/nt200/Downloads/mid_demo_v7/ip_repo/audio_core_axi_1.0', nor could it be found using path 'E:/mid_demo_v7/mid_demo_v7/ip_repo/audio_core_axi_1.0'.
INFO: [IP_Flow 19-234] Refreshing IP repositories
INFO: [IP_Flow 19-1700] Loaded user IP repository 'c:/Users/nt200/Downloads/mid_demo_v7/ip_repo/kb_slave_1.0'.
WARNING: [IP_Flow 19-2248] Failed to load user IP repository 'c:/Users/nt200/Downloads/mid_demo_v7/ip_repo/audio_core_axi_1.0'; Can't find the specified path.
If this directory should no longer be in your list of user repositories, go to the IP Settings dialog and remove it.
INFO: [IP_Flow 19-1700] Loaded user IP repository 'c:/Users/nt200/Downloads/mid_demo_v7/ip_repo/audio_axi_slave_1.0'.
INFO: [IP_Flow 19-1700] Loaded user IP repository 'c:/Users/nt200/Downloads/mid_demo_v7/vivado-library-hotfix-PmodOLED_RGB'.
INFO: [IP_Flow 19-2313] Loaded Vivado IP repository 'C:/Xilinx/Vivado/2018.3/data/ip'.
WARNING: [BD 41-1661] One or more IPs have been locked in the design 'mid_project.bd'. Please run report_ip_status for more details and recommendations on how to fix this issue.
List of locked IPs:
mid_project_clk_wiz_1_0
mid_project_rst_mig_7series_0_81M_0
mid_project_axi_uartlite_0_0
mid_project_rst_clk_wiz_1_100M_0
mid_project_PmodNAV_0_0
mid_project_axi_uartlite_1_1
mid_project_mig_7series_0_0

open_project: Time (s): cpu = 00:00:35 ; elapsed = 00:00:19 . Memory (MB): peak = 903.012 ; gain = 289.527
update_compile_order -fileset sources_1
exit
INFO: [Common 17-206] Exiting Vivado at Fri Apr  7 23:07:27 2023...
